Determining if the pthread_create exist failed with the following output:
Change Dir: /home/gabriele/model_editor_models/progetto/build/CMakeFiles/CMakeTmp

Run Build Command:"/usr/bin/make" "cmTC_d874a/fast"
/usr/bin/make -f CMakeFiles/cmTC_d874a.dir/build.make CMakeFiles/cmTC_d874a.dir/build
make[1]: ingresso nella directory "/home/gabriele/model_editor_models/progetto/build/CMakeFiles/CMakeTmp"
Building C object CMakeFiles/cmTC_d874a.dir/CheckSymbolExists.c.o
/usr/bin/cc     -o CMakeFiles/cmTC_d874a.dir/CheckSymbolExists.c.o   -c /home/gabriele/model_editor_models/progetto/build/CMakeFiles/CMakeTmp/CheckSymbolExists.c
Linking C executable cmTC_d874a
/usr/bin/cmake -E cmake_link_script CMakeFiles/cmTC_d874a.dir/link.txt --verbose=1
/usr/bin/cc       CMakeFiles/cmTC_d874a.dir/CheckSymbolExists.c.o  -o cmTC_d874a -rdynamic 
CMakeFiles/cmTC_d874a.dir/CheckSymbolExists.c.o: nella funzione "main":
CheckSymbolExists.c:(.text+0x16): riferimento non definito a "pthread_create"
collect2: error: ld returned 1 exit status
CMakeFiles/cmTC_d874a.dir/build.make:97: set di istruzioni per l'obiettivo "cmTC_d874a" non riuscito
make[1]: *** [cmTC_d874a] Errore 1
make[1]: uscita dalla directory "/home/gabriele/model_editor_models/progetto/build/CMakeFiles/CMakeTmp"
Makefile:126: set di istruzioni per l'obiettivo "cmTC_d874a/fast" non riuscito
make: *** [cmTC_d874a/fast] Errore 2

File /home/gabriele/model_editor_models/progetto/build/CMakeFiles/CMakeTmp/CheckSymbolExists.c:
/* */
#include <pthread.h>

int main(int argc, char** argv)
{
  (void)argv;
#ifndef pthread_create
  return ((int*)(&pthread_create))[argc];
#else
  (void)argc;
  return 0;
#endif
}

Determining if the function pthread_create exists in the pthreads failed with the following output:
Change Dir: /home/gabriele/model_editor_models/progetto/build/CMakeFiles/CMakeTmp

Run Build Command:"/usr/bin/make" "cmTC_aa7c6/fast"
/usr/bin/make -f CMakeFiles/cmTC_aa7c6.dir/build.make CMakeFiles/cmTC_aa7c6.dir/build
make[1]: ingresso nella directory "/home/gabriele/model_editor_models/progetto/build/CMakeFiles/CMakeTmp"
Building C object CMakeFiles/cmTC_aa7c6.dir/CheckFunctionExists.c.o
/usr/bin/cc    -DCHECK_FUNCTION_EXISTS=pthread_create   -o CMakeFiles/cmTC_aa7c6.dir/CheckFunctionExists.c.o   -c /usr/share/cmake-3.5/Modules/CheckFunctionExists.c
Linking C executable cmTC_aa7c6
/usr/bin/cmake -E cmake_link_script CMakeFiles/cmTC_aa7c6.dir/link.txt --verbose=1
/usr/bin/cc   -DCHECK_FUNCTION_EXISTS=pthread_create    CMakeFiles/cmTC_aa7c6.dir/CheckFunctionExists.c.o  -o cmTC_aa7c6 -rdynamic -lpthreads 
/usr/bin/ld: impossibile trovare -lpthreads
collect2: error: ld returned 1 exit status
CMakeFiles/cmTC_aa7c6.dir/build.make:97: set di istruzioni per l'obiettivo "cmTC_aa7c6" non riuscito
make[1]: *** [cmTC_aa7c6] Errore 1
make[1]: uscita dalla directory "/home/gabriele/model_editor_models/progetto/build/CMakeFiles/CMakeTmp"
Makefile:126: set di istruzioni per l'obiettivo "cmTC_aa7c6/fast" non riuscito
make: *** [cmTC_aa7c6/fast] Errore 2


